<?xml version="1.0" encoding="UTF-8"?>
<testsuite name="Scenario: Remaining interface and validation branches" tests="4" skipped="0" failures="0" errors="0" timestamp="2026-09-03T21:53:58" hostname="LuisFelipe-PC" time="0.003">
  <properties/>
  <testcase name="Given an empty recipe book" classname="Scenario: Remaining interface and validation branches" time="0.0"/>
  <testcase name="When I exercise the remaining interface and validation branches" classname="Scenario: Remaining interface and validation branches" time="0.0"/>
  <testcase name="Then all alternate flows preserve a valid state" classname="Scenario: Remaining interface and validation branches" time="0.0"/>
  <testcase name="classMethod" classname="Scenario: Remaining interface and validation branches" time="0.004"/>
  <system-out><![CDATA[]]></system-out>
  <system-err><![CDATA[]]></system-err>
</testsuite>
