<?xml version="1.0" encoding="UTF-8"?>
<testsuite name="Scenario: Purchase Beverage" tests="4" skipped="0" failures="0" errors="0" timestamp="2026-09-03T21:53:58" hostname="LuisFelipe-PC" time="0.004">
  <properties/>
  <testcase name="Given a default recipe book" classname="Scenario: Purchase Beverage" time="0.0"/>
  <testcase name="When I buy a recipe with enough money and then with insufficient money" classname="Scenario: Purchase Beverage" time="0.0"/>
  <testcase name="Then the purchase returns change only for the successful purchase" classname="Scenario: Purchase Beverage" time="0.0"/>
  <testcase name="classMethod" classname="Scenario: Purchase Beverage" time="0.004"/>
  <system-out><![CDATA[]]></system-out>
  <system-err><![CDATA[]]></system-err>
</testsuite>
