<?xml version="1.0" encoding="UTF-8"?>
<testsuite name="Scenario: Interface errors and alternate purchase flows" tests="4" skipped="0" failures="0" errors="0" timestamp="2026-09-03T21:53:58" hostname="LuisFelipe-PC" time="0.005">
  <properties/>
  <testcase name="Given an empty recipe book" classname="Scenario: Interface errors and alternate purchase flows" time="0.001"/>
  <testcase name="When I exercise interface error handling and alternate purchase flows" classname="Scenario: Interface errors and alternate purchase flows" time="0.0"/>
  <testcase name="Then the interface returns to a consistent waiting state" classname="Scenario: Interface errors and alternate purchase flows" time="0.0"/>
  <testcase name="classMethod" classname="Scenario: Interface errors and alternate purchase flows" time="0.005"/>
  <system-out><![CDATA[]]></system-out>
  <system-err><![CDATA[]]></system-err>
</testsuite>
