<?xml version="1.0" encoding="UTF-8"?>
<testsuite name="Scenario: Delete a Recipe" tests="4" skipped="0" failures="0" errors="0" timestamp="2026-09-03T21:53:58" hostname="LuisFelipe-PC" time="0.001">
  <properties/>
  <testcase name="Given a default recipe book" classname="Scenario: Delete a Recipe" time="0.0"/>
  <testcase name="When I delete an existing recipe and try to delete an empty slot" classname="Scenario: Delete a Recipe" time="0.0"/>
  <testcase name="Then deletion reports the correct outcomes" classname="Scenario: Delete a Recipe" time="0.0"/>
  <testcase name="classMethod" classname="Scenario: Delete a Recipe" time="0.002"/>
  <system-out><![CDATA[]]></system-out>
  <system-err><![CDATA[]]></system-err>
</testsuite>
