<?xml version="1.0" encoding="UTF-8"?>
<testsuite name="edu.ncsu.csc326.coffeemaker.RunCukesTest" tests="0" skipped="0" failures="0" errors="0" timestamp="1970-01-01T00:00:00" hostname="LuisFelipe-PC" time="0.0">
  <properties/>
  <system-out><![CDATA[Coffee: 17
Milk: 18
Sugar: 19
Chocolate: 20

Coffee: 15
Milk: 15
Sugar: 15
Chocolate: 15

Money in machine: 75
using recipes succeeded
moneyInserted: 75 remainder: 25
Beverage purchased.
Money in machine: 10
not enough money: 50
moneyInserted: 10 remainder: 10
Money in machine: 5
Recipes: 
Money in machine: 3
using recipes failed: 10
Money in machine: 5
Recipes: 
Money in machine: 3
using recipes failed: 10

10 Scenarios (?[32m10 passed?[0m)
30 Steps (?[32m30 passed?[0m)
0m0,308s

]]></system-out>
  <system-err><![CDATA[]]></system-err>
</testsuite>
