<?xml version="1.0" encoding="UTF-8"?>
<testsuite name="Scenario: Waiting State" tests="4" skipped="0" failures="0" errors="0" timestamp="2026-09-03T21:53:58" hostname="LuisFelipe-PC" time="0.006">
  <properties/>
  <testcase name="Given a default recipe book" classname="Scenario: Waiting State" time="0.001"/>
  <testcase name="When I select every service from the waiting state" classname="Scenario: Waiting State" time="0.0"/>
  <testcase name="Then each service opens its expected mode" classname="Scenario: Waiting State" time="0.001"/>
  <testcase name="classMethod" classname="Scenario: Waiting State" time="0.303"/>
  <system-out><![CDATA[]]></system-out>
  <system-err><![CDATA[]]></system-err>
</testsuite>
